
INFO [2024-04-03T16:59:44.470Z]: Preparing to initialize extension
INFO [2024-04-03T16:59:45.476Z]: Registering flag observer
INFO [2024-04-03T16:59:45.476Z]: Navigating to loading page
INFO [2024-04-03T16:59:45.476Z]: Navigation
INFO [2024-04-03T16:59:45.476Z]: {"page":"/loading"}
INFO [2024-04-03T16:59:45.476Z]: Initializing workspace controller
INFO [2024-04-03T16:59:45.477Z]: Creating URI handler
INFO [2024-04-03T16:59:45.477Z]: Getting auth service props
INFO [2024-04-03T16:59:45.477Z]: Creating auth service
INFO [2024-04-03T16:59:45.478Z]: Setting network auth service
INFO [2024-04-03T16:59:45.478Z]: Creating context store
INFO [2024-04-03T16:59:45.478Z]: Creating engine
INFO [2024-04-03T16:59:45.478Z]: Creating sql db
INFO [2024-04-03T16:59:45.530Z]: Creating vector db
INFO [2024-04-03T16:59:45.530Z]: Creating config manager
INFO [2024-04-03T16:59:45.533Z]: Get languages
INFO [2024-04-03T16:59:45.533Z]: Reading ALL files
INFO [2024-04-03T16:59:45.534Z]: Get Overview
INFO [2024-04-03T16:59:45.534Z]: Creating code parser
INFO [2024-04-03T16:59:45.534Z]: Creating code index
INFO [2024-04-03T16:59:45.535Z]: Creating graphs
INFO [2024-04-03T16:59:45.535Z]: Creating tagger
INFO [2024-04-03T16:59:45.535Z]: Creating semantic
INFO [2024-04-03T16:59:45.535Z]: Creating keyword
INFO [2024-04-03T16:59:45.535Z]: Creating file search
INFO [2024-04-03T16:59:45.535Z]: Initializing engine
INFO [2024-04-03T16:59:45.620Z]: [CodeTagger.init] Initializing
INFO [2024-04-03T16:59:45.621Z]: Initializing history service
INFO [2024-04-03T16:59:45.621Z]: Creating project bot props
INFO [2024-04-03T16:59:45.621Z]: Creating plan service
INFO [2024-04-03T16:59:45.621Z]: Creating terms service
INFO [2024-04-03T16:59:45.621Z]: Creating auth controller
INFO [2024-04-03T16:59:45.621Z]: Initializing auth controller
INFO [2024-04-03T16:59:45.621Z]: Checking auth
INFO [2024-04-03T16:59:54.382Z]: Set User: ad7tjBmltaY6mL6CZrLl4Dau3s33
INFO [2024-04-03T16:59:54.388Z]: Creating plan controller
INFO [2024-04-03T16:59:54.388Z]: Initializing plan controller
ERROR [2024-04-03T17:00:04.500Z]: Failed to initialize plugin in 15 seconds
ERROR [2024-04-03T17:00:04.500Z]: {"numberOfFiles":4}
INFO [2024-04-03T17:00:04.921Z]: Creating status controller
INFO [2024-04-03T17:00:04.922Z]: Creating chat bot
INFO [2024-04-03T17:00:04.923Z]: Creating git service
INFO [2024-04-03T17:00:04.923Z]: Creating user context
INFO [2024-04-03T17:00:04.923Z]: Creating search controller
INFO [2024-04-03T17:00:04.924Z]: Initializing search controller
INFO [2024-04-03T17:00:04.926Z]: Creating index controller
INFO [2024-04-03T17:00:04.926Z]: Initializing index controller
INFO [2024-04-03T17:00:04.926Z]: Creating migrate controller
INFO [2024-04-03T17:00:04.926Z]: Initializing migrate controller
INFO [2024-04-03T17:00:04.926Z]: Creating settings controller
INFO [2024-04-03T17:00:04.926Z]: Initializing settings controller
INFO [2024-04-03T17:00:04.926Z]: Creating navigation controller
INFO [2024-04-03T17:00:04.926Z]: Initializing navigation controller
INFO [2024-04-03T17:00:04.926Z]: Registering auth service with auth controller
INFO [2024-04-03T17:00:04.927Z]: Calculating navigation
INFO [2024-04-03T17:00:04.935Z]: Navigation
INFO [2024-04-03T17:00:04.935Z]: {"page":"/initialize/project"}
INFO [2024-04-03T17:00:04.937Z]: Fully initialized!
INFO [2024-04-03T17:00:04.938Z]: extension_initialized
INFO [2024-04-03T17:00:04.938Z]: {"timeToInit":20467}
INFO [2024-04-03T17:00:04.977Z]: Reading ALL files
INFO [2024-04-03T17:01:33.141Z]: Preparing to initialize extension
INFO [2024-04-03T17:01:34.143Z]: Registering flag observer
INFO [2024-04-03T17:01:34.143Z]: Navigating to loading page
INFO [2024-04-03T17:01:34.143Z]: Navigation
INFO [2024-04-03T17:01:34.143Z]: {"page":"/loading"}
INFO [2024-04-03T17:01:34.143Z]: Initializing workspace controller
INFO [2024-04-03T17:01:34.147Z]: Creating URI handler
INFO [2024-04-03T17:01:34.147Z]: Getting auth service props
INFO [2024-04-03T17:01:34.148Z]: Creating auth service
INFO [2024-04-03T17:01:34.148Z]: Setting network auth service
INFO [2024-04-03T17:01:34.148Z]: Creating context store
INFO [2024-04-03T17:01:34.148Z]: Creating engine
INFO [2024-04-03T17:01:34.148Z]: Creating sql db
INFO [2024-04-03T17:01:34.204Z]: Creating vector db
INFO [2024-04-03T17:01:34.205Z]: Creating config manager
INFO [2024-04-03T17:01:34.208Z]: Get languages
INFO [2024-04-03T17:01:34.208Z]: Reading ALL files
INFO [2024-04-03T17:01:34.209Z]: Get Overview
INFO [2024-04-03T17:01:34.209Z]: Creating code parser
INFO [2024-04-03T17:01:34.209Z]: Creating code index
INFO [2024-04-03T17:01:34.209Z]: Creating graphs
INFO [2024-04-03T17:01:34.209Z]: Creating tagger
INFO [2024-04-03T17:01:34.209Z]: Creating semantic
INFO [2024-04-03T17:01:34.209Z]: Creating keyword
INFO [2024-04-03T17:01:34.209Z]: Creating file search
INFO [2024-04-03T17:01:34.209Z]: Initializing engine
INFO [2024-04-03T17:01:34.218Z]: [CodeTagger.init] Initializing
INFO [2024-04-03T17:01:34.219Z]: Initializing history service
INFO [2024-04-03T17:01:34.219Z]: Creating project bot props
INFO [2024-04-03T17:01:34.219Z]: Creating plan service
INFO [2024-04-03T17:01:34.219Z]: Creating terms service
INFO [2024-04-03T17:01:34.219Z]: Creating auth controller
INFO [2024-04-03T17:01:34.219Z]: Initializing auth controller
INFO [2024-04-03T17:01:34.219Z]: Checking auth
INFO [2024-04-03T17:01:35.139Z]: Set User: ad7tjBmltaY6mL6CZrLl4Dau3s33
INFO [2024-04-03T17:01:35.143Z]: Creating plan controller
INFO [2024-04-03T17:01:35.143Z]: Initializing plan controller
INFO [2024-04-03T17:01:36.480Z]: Creating status controller
INFO [2024-04-03T17:01:36.480Z]: Creating chat bot
INFO [2024-04-03T17:01:36.481Z]: Creating git service
INFO [2024-04-03T17:01:36.481Z]: Creating user context
INFO [2024-04-03T17:01:36.481Z]: Creating search controller
INFO [2024-04-03T17:01:36.481Z]: Initializing search controller
INFO [2024-04-03T17:01:36.482Z]: Creating index controller
INFO [2024-04-03T17:01:36.482Z]: Initializing index controller
INFO [2024-04-03T17:01:36.482Z]: Creating migrate controller
INFO [2024-04-03T17:01:36.482Z]: Initializing migrate controller
INFO [2024-04-03T17:01:36.482Z]: Creating settings controller
INFO [2024-04-03T17:01:36.483Z]: Initializing settings controller
INFO [2024-04-03T17:01:36.483Z]: Creating navigation controller
INFO [2024-04-03T17:01:36.483Z]: Initializing navigation controller
INFO [2024-04-03T17:01:36.483Z]: Registering auth service with auth controller
INFO [2024-04-03T17:01:36.483Z]: Calculating navigation
INFO [2024-04-03T17:01:36.491Z]: Navigation
INFO [2024-04-03T17:01:36.491Z]: {"page":"/initialize/project"}
INFO [2024-04-03T17:01:36.492Z]: Fully initialized!
INFO [2024-04-03T17:01:36.496Z]: extension_initialized
INFO [2024-04-03T17:01:36.496Z]: {"timeToInit":3351}
INFO [2024-04-03T17:01:36.499Z]: Reading ALL files
INFO [2024-04-03T17:01:55.643Z]: Preparing to initialize extension
INFO [2024-04-03T17:01:56.649Z]: Registering flag observer
INFO [2024-04-03T17:01:56.649Z]: Navigating to loading page
INFO [2024-04-03T17:01:56.649Z]: Navigation
INFO [2024-04-03T17:01:56.649Z]: {"page":"/loading"}
INFO [2024-04-03T17:01:56.649Z]: Initializing workspace controller
INFO [2024-04-03T17:01:56.655Z]: Creating URI handler
INFO [2024-04-03T17:01:56.655Z]: Getting auth service props
INFO [2024-04-03T17:01:56.656Z]: Creating auth service
INFO [2024-04-03T17:01:56.656Z]: Setting network auth service
INFO [2024-04-03T17:01:56.656Z]: Creating context store
INFO [2024-04-03T17:01:56.656Z]: Creating engine
INFO [2024-04-03T17:01:56.656Z]: Creating sql db
INFO [2024-04-03T17:01:56.714Z]: Creating vector db
INFO [2024-04-03T17:01:56.714Z]: Creating config manager
INFO [2024-04-03T17:01:56.716Z]: Get languages
INFO [2024-04-03T17:01:56.716Z]: Reading ALL files
INFO [2024-04-03T17:01:56.729Z]: Files: 4
INFO [2024-04-03T17:01:56.729Z]: Counting languages
INFO [2024-04-03T17:01:56.729Z]: Sorting languages
INFO [2024-04-03T17:01:56.729Z]: Get Overview
INFO [2024-04-03T17:01:56.729Z]: Creating code parser
INFO [2024-04-03T17:01:56.729Z]: Creating code index
INFO [2024-04-03T17:01:56.730Z]: Creating graphs
INFO [2024-04-03T17:01:56.730Z]: Creating tagger
INFO [2024-04-03T17:01:56.730Z]: Creating semantic
INFO [2024-04-03T17:01:56.730Z]: Creating keyword
INFO [2024-04-03T17:01:56.730Z]: Creating file search
INFO [2024-04-03T17:01:56.730Z]: Initializing engine
INFO [2024-04-03T17:01:56.838Z]: [CodeTagger.init] Initializing
INFO [2024-04-03T17:01:56.843Z]: Initializing history service
INFO [2024-04-03T17:01:56.843Z]: Creating project bot props
INFO [2024-04-03T17:01:56.843Z]: Creating plan service
INFO [2024-04-03T17:01:56.843Z]: Creating terms service
INFO [2024-04-03T17:01:56.843Z]: Creating auth controller
INFO [2024-04-03T17:01:56.843Z]: Initializing auth controller
INFO [2024-04-03T17:01:56.843Z]: Checking auth
INFO [2024-04-03T17:01:58.528Z]: Set User: ad7tjBmltaY6mL6CZrLl4Dau3s33
INFO [2024-04-03T17:01:58.532Z]: Creating plan controller
INFO [2024-04-03T17:01:58.532Z]: Initializing plan controller
INFO [2024-04-03T17:01:59.081Z]: Creating status controller
INFO [2024-04-03T17:01:59.081Z]: Creating chat bot
INFO [2024-04-03T17:01:59.081Z]: Creating git service
INFO [2024-04-03T17:01:59.081Z]: Creating user context
INFO [2024-04-03T17:01:59.081Z]: Creating search controller
INFO [2024-04-03T17:01:59.082Z]: Initializing search controller
INFO [2024-04-03T17:01:59.083Z]: Creating index controller
INFO [2024-04-03T17:01:59.083Z]: Initializing index controller
INFO [2024-04-03T17:01:59.083Z]: Creating migrate controller
INFO [2024-04-03T17:01:59.083Z]: Initializing migrate controller
INFO [2024-04-03T17:01:59.083Z]: Creating settings controller
INFO [2024-04-03T17:01:59.083Z]: Initializing settings controller
INFO [2024-04-03T17:01:59.083Z]: Creating navigation controller
INFO [2024-04-03T17:01:59.083Z]: Initializing navigation controller
INFO [2024-04-03T17:01:59.083Z]: Registering auth service with auth controller
INFO [2024-04-03T17:01:59.083Z]: Calculating navigation
INFO [2024-04-03T17:01:59.091Z]: Navigation
INFO [2024-04-03T17:01:59.092Z]: {"page":"/initialize/project"}
INFO [2024-04-03T17:01:59.094Z]: Fully initialized!
INFO [2024-04-03T17:01:59.096Z]: extension_initialized
INFO [2024-04-03T17:01:59.096Z]: {"timeToInit":3451}
INFO [2024-04-03T17:01:59.135Z]: Reading ALL files
INFO [2024-04-03T17:01:59.154Z]: Files: 4
INFO [2024-04-03T17:01:59.154Z]: Counting languages
INFO [2024-04-03T17:01:59.154Z]: Sorting languages
INFO [2024-04-03T17:02:04.253Z]: project_languages
INFO [2024-04-03T17:02:04.253Z]: {"languages":["Java","Markdown"]}
INFO [2024-04-03T17:02:04.289Z]: Navigation
INFO [2024-04-03T17:02:04.289Z]: {"page":"/initialize/ignore"}
INFO [2024-04-03T17:02:04.309Z]: Reading ALL files
INFO [2024-04-03T17:02:04.320Z]: Files: 5
INFO [2024-04-03T17:02:04.320Z]: Counting languages
INFO [2024-04-03T17:02:04.320Z]: Sorting languages
INFO [2024-04-03T17:02:05.704Z]: Navigation
INFO [2024-04-03T17:02:05.704Z]: {"page":"/initialize/progress"}
INFO [2024-04-03T17:02:05.743Z]: Found 0 files
INFO [2024-04-03T17:02:05.744Z]: project_initialize_failure
INFO [2024-04-03T17:02:05.744Z]: No files found!
INFO [2024-04-03T17:02:28.105Z]: project_initialize_start
INFO [2024-04-03T17:02:28.105Z]: {}
INFO [2024-04-03T17:02:28.366Z]: [Engine.indexCode] Preindexing with graph
INFO [2024-04-03T17:02:28.366Z]: [SemanticCodeSearch.preIndex] Embedding components
INFO [2024-04-03T17:02:28.366Z]: {"added":0,"deleted":0}
INFO [2024-04-03T17:02:28.366Z]: [CodeGraphOrchestrator.preIndex] Preindexing
INFO [2024-04-03T17:02:28.366Z]: [CodeGraphOrchestrator.preIndex] Preindexed
INFO [2024-04-03T17:02:28.367Z]: [SemanticCodeSearch.preIndex] Embedded components
INFO [2024-04-03T17:02:28.367Z]: {"length":0}
INFO [2024-04-03T17:02:28.367Z]: [Engine.indexCode]: Preindexed semantic & graph
INFO [2024-04-03T17:02:28.367Z]: [Engine.indexCode] Indexing code
INFO [2024-04-03T17:02:28.367Z]: [KeywordCodeSearch.index] Indexing
INFO [2024-04-03T17:02:28.367Z]: [KeywordCodeSearch.index] Saving index
INFO [2024-04-03T17:02:28.367Z]: [CodeGraphOrchestrator.index] Indexing
INFO [2024-04-03T17:02:28.367Z]: [CodeGraphOrchestrator.index] Indexed
INFO [2024-04-03T17:02:28.379Z]: [KeywordCodeSearch.index] Indexed
INFO [2024-04-03T17:02:28.379Z]: [SemanticCodeSearch.index] Indexing components
INFO [2024-04-03T17:02:28.379Z]: {"added":0,"deleted":0}
INFO [2024-04-03T17:02:28.379Z]: [SemanticCodeSearch.index] Deleting components
INFO [2024-04-03T17:02:28.379Z]: {"embeddingsToDelete":0}
INFO [2024-04-03T17:02:28.379Z]: [SemanticCodeSearch.index] Writing components
INFO [2024-04-03T17:02:28.379Z]: {"write":0}
INFO [2024-04-03T17:02:28.394Z]: [SemanticCodeSearch.index] Indexed components
INFO [2024-04-03T17:02:28.394Z]: {"resuts":0,"delete":0}
INFO [2024-04-03T17:02:28.394Z]: [CodeIndex.index] Indexing with MetaDB
INFO [2024-04-03T17:02:28.394Z]: {"files":{"added":0,"changed":0,"deleted":0}}
INFO [2024-04-03T17:02:28.409Z]: [CodeIndex.index] Indexed with MetaDB
INFO [2024-04-03T17:02:28.412Z]: [CodeTagger.index] Starting to index
INFO [2024-04-03T17:02:28.413Z]: [CodeTagger.getCodebaseThemes] Getting codebase themes
INFO [2024-04-03T17:02:28.419Z]: External Memory: 53.12MB
ERROR [2024-04-03T17:02:28.425Z]: No feature vectors
INFO [2024-04-03T17:02:28.425Z]: project_initialize_failure
INFO [2024-04-03T17:02:28.425Z]: {}
INFO [2024-04-03T17:02:29.490Z]: project_initialize_start
INFO [2024-04-03T17:02:29.490Z]: {}
INFO [2024-04-03T17:02:29.528Z]: [Engine.indexCode] Preindexing with graph
INFO [2024-04-03T17:02:29.529Z]: [SemanticCodeSearch.preIndex] Embedding components
INFO [2024-04-03T17:02:29.529Z]: {"added":0,"deleted":0}
INFO [2024-04-03T17:02:29.529Z]: [CodeGraphOrchestrator.preIndex] Preindexing
INFO [2024-04-03T17:02:29.529Z]: [CodeGraphOrchestrator.preIndex] Preindexed
INFO [2024-04-03T17:02:29.529Z]: [SemanticCodeSearch.preIndex] Embedded components
INFO [2024-04-03T17:02:29.529Z]: {"length":0}
INFO [2024-04-03T17:02:29.529Z]: [Engine.indexCode]: Preindexed semantic & graph
INFO [2024-04-03T17:02:29.529Z]: [Engine.indexCode] Indexing code
INFO [2024-04-03T17:02:29.529Z]: [KeywordCodeSearch.index] Indexing
INFO [2024-04-03T17:02:29.529Z]: [KeywordCodeSearch.index] Saving index
INFO [2024-04-03T17:02:29.529Z]: [CodeGraphOrchestrator.index] Indexing
INFO [2024-04-03T17:02:29.529Z]: [CodeGraphOrchestrator.index] Indexed
INFO [2024-04-03T17:02:29.543Z]: [KeywordCodeSearch.index] Indexed
INFO [2024-04-03T17:02:29.544Z]: [SemanticCodeSearch.index] Indexing components
INFO [2024-04-03T17:02:29.544Z]: {"added":0,"deleted":0}
INFO [2024-04-03T17:02:29.544Z]: [SemanticCodeSearch.index] Deleting components
INFO [2024-04-03T17:02:29.544Z]: {"embeddingsToDelete":0}
INFO [2024-04-03T17:02:29.547Z]: [SemanticCodeSearch.index] Writing components
INFO [2024-04-03T17:02:29.547Z]: {"write":0}
INFO [2024-04-03T17:02:29.597Z]: [SemanticCodeSearch.index] Indexed components
INFO [2024-04-03T17:02:29.597Z]: {"resuts":0,"delete":0}
INFO [2024-04-03T17:02:29.599Z]: [CodeIndex.index] Indexing with MetaDB
INFO [2024-04-03T17:02:29.599Z]: {"files":{"added":0,"changed":0,"deleted":0}}
INFO [2024-04-03T17:02:29.608Z]: [CodeIndex.index] Indexed with MetaDB
INFO [2024-04-03T17:02:29.612Z]: [CodeTagger.index] Starting to index
INFO [2024-04-03T17:02:29.614Z]: [CodeTagger.getCodebaseThemes] Getting codebase themes
INFO [2024-04-03T17:02:29.618Z]: External Memory: 53.26MB
ERROR [2024-04-03T17:02:29.619Z]: No feature vectors
INFO [2024-04-03T17:02:29.620Z]: project_initialize_failure
INFO [2024-04-03T17:02:29.620Z]: {}
INFO [2024-04-03T17:02:30.077Z]: project_initialize_start
INFO [2024-04-03T17:02:30.078Z]: {}
INFO [2024-04-03T17:02:30.111Z]: [Engine.indexCode] Preindexing with graph
INFO [2024-04-03T17:02:30.112Z]: [SemanticCodeSearch.preIndex] Embedding components
INFO [2024-04-03T17:02:30.112Z]: {"added":0,"deleted":0}
INFO [2024-04-03T17:02:30.112Z]: [CodeGraphOrchestrator.preIndex] Preindexing
INFO [2024-04-03T17:02:30.112Z]: [CodeGraphOrchestrator.preIndex] Preindexed
INFO [2024-04-03T17:02:30.112Z]: [SemanticCodeSearch.preIndex] Embedded components
INFO [2024-04-03T17:02:30.112Z]: {"length":0}
INFO [2024-04-03T17:02:30.112Z]: [Engine.indexCode]: Preindexed semantic & graph
INFO [2024-04-03T17:02:30.112Z]: [Engine.indexCode] Indexing code
INFO [2024-04-03T17:02:30.112Z]: [KeywordCodeSearch.index] Indexing
INFO [2024-04-03T17:02:30.112Z]: [KeywordCodeSearch.index] Saving index
INFO [2024-04-03T17:02:30.112Z]: [CodeGraphOrchestrator.index] Indexing
INFO [2024-04-03T17:02:30.112Z]: [CodeGraphOrchestrator.index] Indexed
INFO [2024-04-03T17:02:30.127Z]: [KeywordCodeSearch.index] Indexed
INFO [2024-04-03T17:02:30.127Z]: [SemanticCodeSearch.index] Indexing components
INFO [2024-04-03T17:02:30.127Z]: {"added":0,"deleted":0}
INFO [2024-04-03T17:02:30.127Z]: [SemanticCodeSearch.index] Deleting components
INFO [2024-04-03T17:02:30.127Z]: {"embeddingsToDelete":0}
INFO [2024-04-03T17:02:30.130Z]: [SemanticCodeSearch.index] Writing components
INFO [2024-04-03T17:02:30.130Z]: {"write":0}
INFO [2024-04-03T17:02:30.150Z]: [SemanticCodeSearch.index] Indexed components
INFO [2024-04-03T17:02:30.150Z]: {"resuts":0,"delete":0}
INFO [2024-04-03T17:02:30.150Z]: [CodeIndex.index] Indexing with MetaDB
INFO [2024-04-03T17:02:30.150Z]: {"files":{"added":0,"changed":0,"deleted":0}}
INFO [2024-04-03T17:02:30.159Z]: [CodeIndex.index] Indexed with MetaDB
INFO [2024-04-03T17:02:30.165Z]: [CodeTagger.index] Starting to index
INFO [2024-04-03T17:02:30.168Z]: [CodeTagger.getCodebaseThemes] Getting codebase themes
INFO [2024-04-03T17:02:30.172Z]: External Memory: 53.23MB
ERROR [2024-04-03T17:02:30.173Z]: No feature vectors
INFO [2024-04-03T17:02:30.174Z]: project_initialize_failure
INFO [2024-04-03T17:02:30.174Z]: {}
INFO [2024-04-03T17:02:32.272Z]: Reading ALL files
INFO [2024-04-03T17:02:32.282Z]: Files: 4
INFO [2024-04-03T17:02:32.283Z]: Counting languages
INFO [2024-04-03T17:02:32.283Z]: Sorting languages
INFO [2024-04-03T17:02:34.704Z]: Navigation
INFO [2024-04-03T17:02:34.704Z]: {"page":"/initialize/progress"}
INFO [2024-04-03T17:02:34.727Z]: Found 0 files
INFO [2024-04-03T17:02:34.729Z]: project_initialize_failure
INFO [2024-04-03T17:02:34.729Z]: No files found!
INFO [2024-04-03T17:02:36.470Z]: project_initialize_start
INFO [2024-04-03T17:02:36.471Z]: {}
INFO [2024-04-03T17:02:36.513Z]: [Engine.indexCode] Preindexing with graph
INFO [2024-04-03T17:02:36.514Z]: [SemanticCodeSearch.preIndex] Embedding components
INFO [2024-04-03T17:02:36.514Z]: {"added":0,"deleted":0}
INFO [2024-04-03T17:02:36.514Z]: [CodeGraphOrchestrator.preIndex] Preindexing
INFO [2024-04-03T17:02:36.514Z]: [CodeGraphOrchestrator.preIndex] Preindexed
INFO [2024-04-03T17:02:36.516Z]: [SemanticCodeSearch.preIndex] Embedded components
INFO [2024-04-03T17:02:36.516Z]: {"length":0}
INFO [2024-04-03T17:02:36.516Z]: [Engine.indexCode]: Preindexed semantic & graph
INFO [2024-04-03T17:02:36.516Z]: [Engine.indexCode] Indexing code
INFO [2024-04-03T17:02:36.516Z]: [KeywordCodeSearch.index] Indexing
INFO [2024-04-03T17:02:36.516Z]: [KeywordCodeSearch.index] Saving index
INFO [2024-04-03T17:02:36.516Z]: [CodeGraphOrchestrator.index] Indexing
INFO [2024-04-03T17:02:36.516Z]: [CodeGraphOrchestrator.index] Indexed
INFO [2024-04-03T17:02:36.532Z]: [KeywordCodeSearch.index] Indexed
INFO [2024-04-03T17:02:36.532Z]: [SemanticCodeSearch.index] Indexing components
INFO [2024-04-03T17:02:36.532Z]: {"added":0,"deleted":0}
INFO [2024-04-03T17:02:36.532Z]: [SemanticCodeSearch.index] Deleting components
INFO [2024-04-03T17:02:36.532Z]: {"embeddingsToDelete":0}
INFO [2024-04-03T17:02:36.533Z]: [SemanticCodeSearch.index] Writing components
INFO [2024-04-03T17:02:36.533Z]: {"write":0}
INFO [2024-04-03T17:02:36.561Z]: [SemanticCodeSearch.index] Indexed components
INFO [2024-04-03T17:02:36.561Z]: {"resuts":0,"delete":0}
INFO [2024-04-03T17:02:36.561Z]: [CodeIndex.index] Indexing with MetaDB
INFO [2024-04-03T17:02:36.561Z]: {"files":{"added":0,"changed":0,"deleted":0}}
INFO [2024-04-03T17:02:36.569Z]: [CodeIndex.index] Indexed with MetaDB
INFO [2024-04-03T17:02:36.573Z]: [CodeTagger.index] Starting to index
INFO [2024-04-03T17:02:36.574Z]: [CodeTagger.getCodebaseThemes] Getting codebase themes
INFO [2024-04-03T17:02:36.578Z]: External Memory: 53.33MB
ERROR [2024-04-03T17:02:36.580Z]: No feature vectors
INFO [2024-04-03T17:02:36.581Z]: project_initialize_failure
INFO [2024-04-03T17:02:36.581Z]: {}
INFO [2024-04-03T17:02:40.763Z]: project_initialize_start
INFO [2024-04-03T17:02:40.764Z]: {}
INFO [2024-04-03T17:02:40.798Z]: [Engine.indexCode] Preindexing with graph
INFO [2024-04-03T17:02:40.798Z]: [SemanticCodeSearch.preIndex] Embedding components
INFO [2024-04-03T17:02:40.798Z]: {"added":0,"deleted":0}
INFO [2024-04-03T17:02:40.798Z]: [CodeGraphOrchestrator.preIndex] Preindexing
INFO [2024-04-03T17:02:40.798Z]: [CodeGraphOrchestrator.preIndex] Preindexed
INFO [2024-04-03T17:02:40.799Z]: [SemanticCodeSearch.preIndex] Embedded components
INFO [2024-04-03T17:02:40.799Z]: {"length":0}
INFO [2024-04-03T17:02:40.799Z]: [Engine.indexCode]: Preindexed semantic & graph
INFO [2024-04-03T17:02:40.799Z]: [Engine.indexCode] Indexing code
INFO [2024-04-03T17:02:40.799Z]: [KeywordCodeSearch.index] Indexing
INFO [2024-04-03T17:02:40.799Z]: [KeywordCodeSearch.index] Saving index
INFO [2024-04-03T17:02:40.799Z]: [CodeGraphOrchestrator.index] Indexing
INFO [2024-04-03T17:02:40.799Z]: [CodeGraphOrchestrator.index] Indexed
INFO [2024-04-03T17:02:40.812Z]: [KeywordCodeSearch.index] Indexed
INFO [2024-04-03T17:02:40.812Z]: [SemanticCodeSearch.index] Indexing components
INFO [2024-04-03T17:02:40.812Z]: {"added":0,"deleted":0}
INFO [2024-04-03T17:02:40.812Z]: [SemanticCodeSearch.index] Deleting components
INFO [2024-04-03T17:02:40.812Z]: {"embeddingsToDelete":0}
INFO [2024-04-03T17:02:40.816Z]: [SemanticCodeSearch.index] Writing components
INFO [2024-04-03T17:02:40.816Z]: {"write":0}
INFO [2024-04-03T17:02:40.839Z]: [SemanticCodeSearch.index] Indexed components
INFO [2024-04-03T17:02:40.839Z]: {"resuts":0,"delete":0}
INFO [2024-04-03T17:02:40.841Z]: [CodeIndex.index] Indexing with MetaDB
INFO [2024-04-03T17:02:40.841Z]: {"files":{"added":0,"changed":0,"deleted":0}}
INFO [2024-04-03T17:02:40.851Z]: [CodeIndex.index] Indexed with MetaDB
INFO [2024-04-03T17:02:40.854Z]: [CodeTagger.index] Starting to index
INFO [2024-04-03T17:02:40.855Z]: [CodeTagger.getCodebaseThemes] Getting codebase themes
INFO [2024-04-03T17:02:40.859Z]: External Memory: 53.47MB
ERROR [2024-04-03T17:02:40.860Z]: No feature vectors
INFO [2024-04-03T17:02:40.860Z]: project_initialize_failure
INFO [2024-04-03T17:02:40.860Z]: {}
INFO [2024-04-03T17:02:59.073Z]: project_initialize_start
INFO [2024-04-03T17:02:59.073Z]: {}
INFO [2024-04-03T17:02:59.115Z]: [Engine.indexCode] Preindexing with graph
INFO [2024-04-03T17:02:59.115Z]: [SemanticCodeSearch.preIndex] Embedding components
INFO [2024-04-03T17:02:59.115Z]: {"added":0,"deleted":0}
INFO [2024-04-03T17:02:59.115Z]: [CodeGraphOrchestrator.preIndex] Preindexing
INFO [2024-04-03T17:02:59.115Z]: [CodeGraphOrchestrator.preIndex] Preindexed
INFO [2024-04-03T17:02:59.115Z]: [SemanticCodeSearch.preIndex] Embedded components
INFO [2024-04-03T17:02:59.115Z]: {"length":0}
INFO [2024-04-03T17:02:59.115Z]: [Engine.indexCode]: Preindexed semantic & graph
INFO [2024-04-03T17:02:59.115Z]: [Engine.indexCode] Indexing code
INFO [2024-04-03T17:02:59.115Z]: [KeywordCodeSearch.index] Indexing
INFO [2024-04-03T17:02:59.115Z]: [KeywordCodeSearch.index] Saving index
INFO [2024-04-03T17:02:59.115Z]: [CodeGraphOrchestrator.index] Indexing
INFO [2024-04-03T17:02:59.115Z]: [CodeGraphOrchestrator.index] Indexed
INFO [2024-04-03T17:02:59.133Z]: [KeywordCodeSearch.index] Indexed
INFO [2024-04-03T17:02:59.137Z]: [SemanticCodeSearch.index] Indexing components
INFO [2024-04-03T17:02:59.137Z]: {"added":0,"deleted":0}
INFO [2024-04-03T17:02:59.137Z]: [SemanticCodeSearch.index] Deleting components
INFO [2024-04-03T17:02:59.137Z]: {"embeddingsToDelete":0}
INFO [2024-04-03T17:02:59.137Z]: [SemanticCodeSearch.index] Writing components
INFO [2024-04-03T17:02:59.137Z]: {"write":0}
INFO [2024-04-03T17:02:59.194Z]: [SemanticCodeSearch.index] Indexed components
INFO [2024-04-03T17:02:59.194Z]: {"resuts":0,"delete":0}
INFO [2024-04-03T17:02:59.194Z]: [CodeIndex.index] Indexing with MetaDB
INFO [2024-04-03T17:02:59.194Z]: {"files":{"added":0,"changed":0,"deleted":0}}
INFO [2024-04-03T17:02:59.207Z]: [CodeIndex.index] Indexed with MetaDB
INFO [2024-04-03T17:02:59.210Z]: [CodeTagger.index] Starting to index
INFO [2024-04-03T17:02:59.213Z]: [CodeTagger.getCodebaseThemes] Getting codebase themes
INFO [2024-04-03T17:02:59.217Z]: External Memory: 53.32MB
ERROR [2024-04-03T17:02:59.218Z]: No feature vectors
INFO [2024-04-03T17:02:59.218Z]: project_initialize_failure
INFO [2024-04-03T17:02:59.218Z]: {}
INFO [2024-04-03T17:03:00.983Z]: project_initialize_start
INFO [2024-04-03T17:03:00.983Z]: {}
INFO [2024-04-03T17:03:01.019Z]: [Engine.indexCode] Preindexing with graph
INFO [2024-04-03T17:03:01.020Z]: [SemanticCodeSearch.preIndex] Embedding components
INFO [2024-04-03T17:03:01.020Z]: {"added":0,"deleted":0}
INFO [2024-04-03T17:03:01.020Z]: [CodeGraphOrchestrator.preIndex] Preindexing
INFO [2024-04-03T17:03:01.020Z]: [CodeGraphOrchestrator.preIndex] Preindexed
INFO [2024-04-03T17:03:01.020Z]: [SemanticCodeSearch.preIndex] Embedded components
INFO [2024-04-03T17:03:01.020Z]: {"length":0}
INFO [2024-04-03T17:03:01.020Z]: [Engine.indexCode]: Preindexed semantic & graph
INFO [2024-04-03T17:03:01.020Z]: [Engine.indexCode] Indexing code
INFO [2024-04-03T17:03:01.020Z]: [KeywordCodeSearch.index] Indexing
INFO [2024-04-03T17:03:01.020Z]: [KeywordCodeSearch.index] Saving index
INFO [2024-04-03T17:03:01.020Z]: [CodeGraphOrchestrator.index] Indexing
INFO [2024-04-03T17:03:01.020Z]: [CodeGraphOrchestrator.index] Indexed
INFO [2024-04-03T17:03:01.032Z]: [KeywordCodeSearch.index] Indexed
INFO [2024-04-03T17:03:01.033Z]: [SemanticCodeSearch.index] Indexing components
INFO [2024-04-03T17:03:01.033Z]: {"added":0,"deleted":0}
INFO [2024-04-03T17:03:01.033Z]: [SemanticCodeSearch.index] Deleting components
INFO [2024-04-03T17:03:01.033Z]: {"embeddingsToDelete":0}
INFO [2024-04-03T17:03:01.033Z]: [SemanticCodeSearch.index] Writing components
INFO [2024-04-03T17:03:01.033Z]: {"write":0}
INFO [2024-04-03T17:03:01.052Z]: [SemanticCodeSearch.index] Indexed components
INFO [2024-04-03T17:03:01.052Z]: {"resuts":0,"delete":0}
INFO [2024-04-03T17:03:01.053Z]: [CodeIndex.index] Indexing with MetaDB
INFO [2024-04-03T17:03:01.053Z]: {"files":{"added":0,"changed":0,"deleted":0}}
INFO [2024-04-03T17:03:01.061Z]: [CodeIndex.index] Indexed with MetaDB
INFO [2024-04-03T17:03:01.067Z]: [CodeTagger.index] Starting to index
INFO [2024-04-03T17:03:01.069Z]: [CodeTagger.getCodebaseThemes] Getting codebase themes
INFO [2024-04-03T17:03:01.074Z]: External Memory: 53.59MB
ERROR [2024-04-03T17:03:01.076Z]: No feature vectors
INFO [2024-04-03T17:03:01.077Z]: project_initialize_failure
INFO [2024-04-03T17:03:01.077Z]: {}
INFO [2024-04-03T17:03:08.762Z]: Preparing to initialize extension
INFO [2024-04-03T17:03:09.767Z]: Registering flag observer
INFO [2024-04-03T17:03:09.768Z]: Navigating to loading page
INFO [2024-04-03T17:03:09.768Z]: Navigation
INFO [2024-04-03T17:03:09.768Z]: {"page":"/loading"}
INFO [2024-04-03T17:03:09.768Z]: Initializing workspace controller
INFO [2024-04-03T17:03:09.770Z]: Creating URI handler
INFO [2024-04-03T17:03:09.770Z]: Getting auth service props
INFO [2024-04-03T17:03:09.771Z]: Creating auth service
INFO [2024-04-03T17:03:09.771Z]: Setting network auth service
INFO [2024-04-03T17:03:09.771Z]: Creating context store
INFO [2024-04-03T17:03:09.771Z]: Creating engine
INFO [2024-04-03T17:03:09.771Z]: Creating sql db
INFO [2024-04-03T17:03:09.892Z]: Creating vector db
INFO [2024-04-03T17:03:09.892Z]: Creating config manager
INFO [2024-04-03T17:03:09.898Z]: Get languages
INFO [2024-04-03T17:03:09.898Z]: Reading ALL files
INFO [2024-04-03T17:03:09.915Z]: Files: 4
INFO [2024-04-03T17:03:09.915Z]: Counting languages
INFO [2024-04-03T17:03:09.915Z]: Sorting languages
INFO [2024-04-03T17:03:09.921Z]: Get Overview
INFO [2024-04-03T17:03:09.921Z]: Creating code parser
INFO [2024-04-03T17:03:09.921Z]: Creating code index
INFO [2024-04-03T17:03:09.921Z]: Creating graphs
INFO [2024-04-03T17:03:09.921Z]: Creating tagger
INFO [2024-04-03T17:03:09.921Z]: Creating semantic
INFO [2024-04-03T17:03:09.921Z]: Creating keyword
INFO [2024-04-03T17:03:09.921Z]: Creating file search
INFO [2024-04-03T17:03:09.921Z]: Initializing engine
INFO [2024-04-03T17:03:10.175Z]: [CodeTagger.init] Initializing
INFO [2024-04-03T17:03:10.178Z]: Initializing history service
INFO [2024-04-03T17:03:10.178Z]: Creating project bot props
INFO [2024-04-03T17:03:10.178Z]: Creating plan service
INFO [2024-04-03T17:03:10.178Z]: Creating terms service
INFO [2024-04-03T17:03:10.178Z]: Creating auth controller
INFO [2024-04-03T17:03:10.178Z]: Initializing auth controller
INFO [2024-04-03T17:03:10.179Z]: Checking auth
INFO [2024-04-03T17:03:11.140Z]: Set User: ad7tjBmltaY6mL6CZrLl4Dau3s33
INFO [2024-04-03T17:03:11.144Z]: Creating plan controller
INFO [2024-04-03T17:03:11.145Z]: Initializing plan controller
INFO [2024-04-03T17:03:11.858Z]: Creating status controller
INFO [2024-04-03T17:03:11.858Z]: Creating chat bot
INFO [2024-04-03T17:03:11.860Z]: Creating git service
INFO [2024-04-03T17:03:11.861Z]: Creating user context
INFO [2024-04-03T17:03:11.861Z]: Creating search controller
INFO [2024-04-03T17:03:11.861Z]: Initializing search controller
INFO [2024-04-03T17:03:11.862Z]: Creating index controller
INFO [2024-04-03T17:03:11.862Z]: Initializing index controller
INFO [2024-04-03T17:03:11.862Z]: Creating migrate controller
INFO [2024-04-03T17:03:11.862Z]: Initializing migrate controller
INFO [2024-04-03T17:03:11.862Z]: Creating settings controller
INFO [2024-04-03T17:03:11.862Z]: Initializing settings controller
INFO [2024-04-03T17:03:11.862Z]: Creating navigation controller
INFO [2024-04-03T17:03:11.862Z]: Initializing navigation controller
INFO [2024-04-03T17:03:11.862Z]: Registering auth service with auth controller
INFO [2024-04-03T17:03:11.862Z]: Calculating navigation
INFO [2024-04-03T17:03:11.890Z]: Navigation
INFO [2024-04-03T17:03:11.891Z]: {"page":"/initialize/project"}
INFO [2024-04-03T17:03:11.894Z]: Fully initialized!
INFO [2024-04-03T17:03:11.895Z]: extension_initialized
INFO [2024-04-03T17:03:11.895Z]: {"timeToInit":3132}
INFO [2024-04-03T17:03:11.906Z]: Reading ALL files
INFO [2024-04-03T17:03:11.923Z]: Files: 4
INFO [2024-04-03T17:03:11.923Z]: Counting languages
INFO [2024-04-03T17:03:11.923Z]: Sorting languages
INFO [2024-04-03T17:03:14.605Z]: project_languages
INFO [2024-04-03T17:03:14.606Z]: {"languages":["Java"]}
INFO [2024-04-03T17:03:14.626Z]: Navigation
INFO [2024-04-03T17:03:14.626Z]: {"page":"/initialize/ignore"}
INFO [2024-04-03T17:03:14.635Z]: Reading ALL files
INFO [2024-04-03T17:03:14.647Z]: Files: 4
INFO [2024-04-03T17:03:14.647Z]: Counting languages
INFO [2024-04-03T17:03:14.647Z]: Sorting languages
INFO [2024-04-03T17:03:15.787Z]: Navigation
INFO [2024-04-03T17:03:15.788Z]: {"page":"/initialize/progress"}
INFO [2024-04-03T17:03:15.812Z]: Found 0 files
INFO [2024-04-03T17:03:15.813Z]: project_initialize_failure
INFO [2024-04-03T17:03:15.813Z]: No files found!
INFO [2024-04-03T17:03:16.899Z]: project_initialize_start
INFO [2024-04-03T17:03:16.900Z]: {}
INFO [2024-04-03T17:03:16.953Z]: [Engine.indexCode] Preindexing with graph
INFO [2024-04-03T17:03:16.953Z]: [SemanticCodeSearch.preIndex] Embedding components
INFO [2024-04-03T17:03:16.953Z]: {"added":0,"deleted":0}
INFO [2024-04-03T17:03:16.954Z]: [CodeGraphOrchestrator.preIndex] Preindexing
INFO [2024-04-03T17:03:16.954Z]: [CodeGraphOrchestrator.preIndex] Preindexed
INFO [2024-04-03T17:03:16.954Z]: [SemanticCodeSearch.preIndex] Embedded components
INFO [2024-04-03T17:03:16.954Z]: {"length":0}
INFO [2024-04-03T17:03:16.954Z]: [Engine.indexCode]: Preindexed semantic & graph
INFO [2024-04-03T17:03:16.954Z]: [Engine.indexCode] Indexing code
INFO [2024-04-03T17:03:16.954Z]: [KeywordCodeSearch.index] Indexing
INFO [2024-04-03T17:03:16.954Z]: [KeywordCodeSearch.index] Saving index
INFO [2024-04-03T17:03:16.954Z]: [CodeGraphOrchestrator.index] Indexing
INFO [2024-04-03T17:03:16.954Z]: [CodeGraphOrchestrator.index] Indexed
INFO [2024-04-03T17:03:17.102Z]: [KeywordCodeSearch.index] Indexed
INFO [2024-04-03T17:03:17.103Z]: [SemanticCodeSearch.index] Indexing components
INFO [2024-04-03T17:03:17.103Z]: {"added":0,"deleted":0}
INFO [2024-04-03T17:03:17.103Z]: [SemanticCodeSearch.index] Deleting components
INFO [2024-04-03T17:03:17.103Z]: {"embeddingsToDelete":0}
INFO [2024-04-03T17:03:17.103Z]: [SemanticCodeSearch.index] Writing components
INFO [2024-04-03T17:03:17.103Z]: {"write":0}
INFO [2024-04-03T17:03:17.124Z]: [SemanticCodeSearch.index] Indexed components
INFO [2024-04-03T17:03:17.124Z]: {"resuts":0,"delete":0}
INFO [2024-04-03T17:03:17.124Z]: [CodeIndex.index] Indexing with MetaDB
INFO [2024-04-03T17:03:17.124Z]: {"files":{"added":0,"changed":0,"deleted":0}}
INFO [2024-04-03T17:03:17.132Z]: [CodeIndex.index] Indexed with MetaDB
INFO [2024-04-03T17:03:17.139Z]: [CodeTagger.index] Starting to index
INFO [2024-04-03T17:03:17.140Z]: [CodeTagger.getCodebaseThemes] Getting codebase themes
INFO [2024-04-03T17:03:17.146Z]: External Memory: 101.98MB
ERROR [2024-04-03T17:03:17.151Z]: No feature vectors
INFO [2024-04-03T17:03:17.151Z]: project_initialize_failure
INFO [2024-04-03T17:03:17.151Z]: {}
INFO [2024-04-03T17:04:15.709Z]: project_initialize_start
INFO [2024-04-03T17:04:15.710Z]: {}
INFO [2024-04-03T17:04:15.737Z]: [Engine.indexCode] Preindexing with graph
INFO [2024-04-03T17:04:15.737Z]: [SemanticCodeSearch.preIndex] Embedding components
INFO [2024-04-03T17:04:15.737Z]: {"added":0,"deleted":0}
INFO [2024-04-03T17:04:15.737Z]: [CodeGraphOrchestrator.preIndex] Preindexing
INFO [2024-04-03T17:04:15.737Z]: [CodeGraphOrchestrator.preIndex] Preindexed
INFO [2024-04-03T17:04:15.737Z]: [SemanticCodeSearch.preIndex] Embedded components
INFO [2024-04-03T17:04:15.737Z]: {"length":0}
INFO [2024-04-03T17:04:15.737Z]: [Engine.indexCode]: Preindexed semantic & graph
INFO [2024-04-03T17:04:15.737Z]: [Engine.indexCode] Indexing code
INFO [2024-04-03T17:04:15.737Z]: [KeywordCodeSearch.index] Indexing
INFO [2024-04-03T17:04:15.737Z]: [KeywordCodeSearch.index] Saving index
INFO [2024-04-03T17:04:15.737Z]: [CodeGraphOrchestrator.index] Indexing
INFO [2024-04-03T17:04:15.737Z]: [CodeGraphOrchestrator.index] Indexed
INFO [2024-04-03T17:04:15.750Z]: [KeywordCodeSearch.index] Indexed
INFO [2024-04-03T17:04:15.750Z]: [SemanticCodeSearch.index] Indexing components
INFO [2024-04-03T17:04:15.750Z]: {"added":0,"deleted":0}
INFO [2024-04-03T17:04:15.750Z]: [SemanticCodeSearch.index] Deleting components
INFO [2024-04-03T17:04:15.750Z]: {"embeddingsToDelete":0}
INFO [2024-04-03T17:04:15.750Z]: [SemanticCodeSearch.index] Writing components
INFO [2024-04-03T17:04:15.750Z]: {"write":0}
INFO [2024-04-03T17:04:15.767Z]: [SemanticCodeSearch.index] Indexed components
INFO [2024-04-03T17:04:15.767Z]: {"resuts":0,"delete":0}
INFO [2024-04-03T17:04:15.767Z]: [CodeIndex.index] Indexing with MetaDB
INFO [2024-04-03T17:04:15.767Z]: {"files":{"added":0,"changed":0,"deleted":0}}
INFO [2024-04-03T17:04:15.776Z]: [CodeIndex.index] Indexed with MetaDB
INFO [2024-04-03T17:04:15.784Z]: [CodeTagger.index] Starting to index
INFO [2024-04-03T17:04:15.785Z]: [CodeTagger.getCodebaseThemes] Getting codebase themes
INFO [2024-04-03T17:04:15.789Z]: External Memory: 53.45MB
ERROR [2024-04-03T17:04:15.792Z]: No feature vectors
INFO [2024-04-03T17:04:15.792Z]: project_initialize_failure
INFO [2024-04-03T17:04:15.792Z]: {}
INFO [2024-04-03T17:04:16.364Z]: Reading ALL files
INFO [2024-04-03T17:04:16.378Z]: Files: 4
INFO [2024-04-03T17:04:16.378Z]: Counting languages
INFO [2024-04-03T17:04:16.378Z]: Sorting languages